C:\Users\Zahi\source\repos\PropertyManagementAPI\PropertyManagementAPI\ClientApp\client-app\dist\out-tsc\src\app\services\apartment.service.js
C:\Users\Zahi\source\repos\PropertyManagementAPI\PropertyManagementAPI\ClientApp\client-app\dist\out-tsc\src\app\services\apartment.service.js.map
C:\Users\Zahi\source\repos\PropertyManagementAPI\PropertyManagementAPI\ClientApp\client-app\dist\out-tsc\src\app\app.component.js
C:\Users\Zahi\source\repos\PropertyManagementAPI\PropertyManagementAPI\ClientApp\client-app\dist\out-tsc\src\app\app.component.js.map
C:\Users\Zahi\source\repos\PropertyManagementAPI\PropertyManagementAPI\ClientApp\client-app\dist\out-tsc\src\app\home\home.component.js
C:\Users\Zahi\source\repos\PropertyManagementAPI\PropertyManagementAPI\ClientApp\client-app\dist\out-tsc\src\app\home\home.component.js.map
C:\Users\Zahi\source\repos\PropertyManagementAPI\PropertyManagementAPI\ClientApp\client-app\dist\out-tsc\src\app\dialogs\dialog-edit-apartment\dialog-edit-apartment.component.js
C:\Users\Zahi\source\repos\PropertyManagementAPI\PropertyManagementAPI\ClientApp\client-app\dist\out-tsc\src\app\dialogs\dialog-edit-apartment\dialog-edit-apartment.component.js.map
C:\Users\Zahi\source\repos\PropertyManagementAPI\PropertyManagementAPI\ClientApp\client-app\dist\out-tsc\src\app\dialogs\dialog-delete-apartment\dialog-delete-apartment.component.js
C:\Users\Zahi\source\repos\PropertyManagementAPI\PropertyManagementAPI\ClientApp\client-app\dist\out-tsc\src\app\dialogs\dialog-delete-apartment\dialog-delete-apartment.component.js.map
C:\Users\Zahi\source\repos\PropertyManagementAPI\PropertyManagementAPI\ClientApp\client-app\dist\out-tsc\src\app\services\buyer.service.js
C:\Users\Zahi\source\repos\PropertyManagementAPI\PropertyManagementAPI\ClientApp\client-app\dist\out-tsc\src\app\services\buyer.service.js.map
C:\Users\Zahi\source\repos\PropertyManagementAPI\PropertyManagementAPI\ClientApp\client-app\dist\out-tsc\src\app\dialogs\dialog-buy-apartment\dialog-buy-apartment.component.js
C:\Users\Zahi\source\repos\PropertyManagementAPI\PropertyManagementAPI\ClientApp\client-app\dist\out-tsc\src\app\dialogs\dialog-buy-apartment\dialog-buy-apartment.component.js.map
C:\Users\Zahi\source\repos\PropertyManagementAPI\PropertyManagementAPI\ClientApp\client-app\dist\out-tsc\src\app\list-apartments\list-apartments.component.js
C:\Users\Zahi\source\repos\PropertyManagementAPI\PropertyManagementAPI\ClientApp\client-app\dist\out-tsc\src\app\list-apartments\list-apartments.component.js.map
C:\Users\Zahi\source\repos\PropertyManagementAPI\PropertyManagementAPI\ClientApp\client-app\dist\out-tsc\src\app\dialogs\dialog-add-apartment\dialog-add-apartment.component.js
C:\Users\Zahi\source\repos\PropertyManagementAPI\PropertyManagementAPI\ClientApp\client-app\dist\out-tsc\src\app\dialogs\dialog-add-apartment\dialog-add-apartment.component.js.map
C:\Users\Zahi\source\repos\PropertyManagementAPI\PropertyManagementAPI\ClientApp\client-app\dist\out-tsc\src\app\add-apartment\add-apartment.component.js
C:\Users\Zahi\source\repos\PropertyManagementAPI\PropertyManagementAPI\ClientApp\client-app\dist\out-tsc\src\app\add-apartment\add-apartment.component.js.map
C:\Users\Zahi\source\repos\PropertyManagementAPI\PropertyManagementAPI\ClientApp\client-app\dist\out-tsc\src\app\apartment-detail\apartment-detail.component.js
C:\Users\Zahi\source\repos\PropertyManagementAPI\PropertyManagementAPI\ClientApp\client-app\dist\out-tsc\src\app\apartment-detail\apartment-detail.component.js.map
C:\Users\Zahi\source\repos\PropertyManagementAPI\PropertyManagementAPI\ClientApp\client-app\dist\out-tsc\src\app\app-routing.module.js
C:\Users\Zahi\source\repos\PropertyManagementAPI\PropertyManagementAPI\ClientApp\client-app\dist\out-tsc\src\app\app-routing.module.js.map
C:\Users\Zahi\source\repos\PropertyManagementAPI\PropertyManagementAPI\ClientApp\client-app\dist\out-tsc\src\app\app.module.js
C:\Users\Zahi\source\repos\PropertyManagementAPI\PropertyManagementAPI\ClientApp\client-app\dist\out-tsc\src\app\app.module.js.map
C:\Users\Zahi\source\repos\PropertyManagementAPI\PropertyManagementAPI\ClientApp\client-app\dist\out-tsc\src\environments\environment.js
C:\Users\Zahi\source\repos\PropertyManagementAPI\PropertyManagementAPI\ClientApp\client-app\dist\out-tsc\src\environments\environment.js.map
C:\Users\Zahi\source\repos\PropertyManagementAPI\PropertyManagementAPI\ClientApp\client-app\dist\out-tsc\src\main.js
C:\Users\Zahi\source\repos\PropertyManagementAPI\PropertyManagementAPI\ClientApp\client-app\dist\out-tsc\src\main.js.map
C:\Users\Zahi\source\repos\PropertyManagementAPI\PropertyManagementAPI\ClientApp\client-app\dist\out-tsc\src\polyfills.js
C:\Users\Zahi\source\repos\PropertyManagementAPI\PropertyManagementAPI\ClientApp\client-app\dist\out-tsc\src\polyfills.js.map
C:\Users\Zahi\source\repos\PropertyManagementAPI\PropertyManagementAPI\ClientApp\client-app\dist\out-tsc\src\test.js
C:\Users\Zahi\source\repos\PropertyManagementAPI\PropertyManagementAPI\ClientApp\client-app\dist\out-tsc\src\test.js.map
C:\Users\Zahi\source\repos\PropertyManagementAPI\PropertyManagementAPI\ClientApp\client-app\dist\out-tsc\e2e\src\app.po.js
C:\Users\Zahi\source\repos\PropertyManagementAPI\PropertyManagementAPI\ClientApp\client-app\dist\out-tsc\e2e\src\app.po.js.map
C:\Users\Zahi\source\repos\PropertyManagementAPI\PropertyManagementAPI\ClientApp\client-app\dist\out-tsc\e2e\src\app.e2e-spec.js
C:\Users\Zahi\source\repos\PropertyManagementAPI\PropertyManagementAPI\ClientApp\client-app\dist\out-tsc\e2e\src\app.e2e-spec.js.map
C:\Users\Zahi\source\repos\PropertyManagementAPI\PropertyManagementAPI\ClientApp\client-app\dist\out-tsc\src\app\app.component.spec.js
C:\Users\Zahi\source\repos\PropertyManagementAPI\PropertyManagementAPI\ClientApp\client-app\dist\out-tsc\src\app\app.component.spec.js.map
C:\Users\Zahi\source\repos\PropertyManagementAPI\PropertyManagementAPI\ClientApp\client-app\dist\out-tsc\src\environments\environment.prod.js
C:\Users\Zahi\source\repos\PropertyManagementAPI\PropertyManagementAPI\ClientApp\client-app\dist\out-tsc\src\environments\environment.prod.js.map
C:\Users\Zahi\source\repos\PropertyManagementAPI\PropertyManagementAPI\ClientApp\client-app\dist\out-tsc\src\app\add-apartment\add-apartment.component.spec.js
C:\Users\Zahi\source\repos\PropertyManagementAPI\PropertyManagementAPI\ClientApp\client-app\dist\out-tsc\src\app\add-apartment\add-apartment.component.spec.js.map
C:\Users\Zahi\source\repos\PropertyManagementAPI\PropertyManagementAPI\ClientApp\client-app\dist\out-tsc\src\app\apartment-detail\apartment-detail.component.spec.js
C:\Users\Zahi\source\repos\PropertyManagementAPI\PropertyManagementAPI\ClientApp\client-app\dist\out-tsc\src\app\apartment-detail\apartment-detail.component.spec.js.map
C:\Users\Zahi\source\repos\PropertyManagementAPI\PropertyManagementAPI\ClientApp\client-app\dist\out-tsc\src\app\models\apartment.js
C:\Users\Zahi\source\repos\PropertyManagementAPI\PropertyManagementAPI\ClientApp\client-app\dist\out-tsc\src\app\models\apartment.js.map
